[0801/214350.434:INFO:CONSOLE(150)] "Event handler of 'x-storagemutated-1' event must be added on the initial evaluation of worker script.", source: https://static.whatsapp.net/rsrc.php/v3/yn/r/Qli5vzfQFre.js?_nc_x=Ij3Wp8lg5Kz (150)
[0801/214351.265:INFO:CONSOLE(0)] "Error with Permissions-Policy header: Feature xr-spatial-tracking's parameters are ignored.", source:  (0)
[0801/214351.265:INFO:CONSOLE(0)] "Error with Permissions-Policy header: Origin trial controlled feature not enabled: 'attribution-reporting'.", source:  (0)
[0801/214351.265:INFO:CONSOLE(0)] "Error with Permissions-Policy header: Unrecognized feature: 'battery'.", source:  (0)
[0801/214351.266:INFO:CONSOLE(0)] "Error with Permissions-Policy header: Unrecognized feature: 'compute-pressure'.", source:  (0)
[0801/214351.266:INFO:CONSOLE(0)] "Error with Permissions-Policy header: Origin trial controlled feature not enabled: 'interest-cohort'.", source:  (0)
[0801/214351.266:INFO:CONSOLE(0)] "Error with Permissions-Policy header: Unrecognized feature: 'private-state-token-issuance'.", source:  (0)
[0801/214351.266:INFO:CONSOLE(0)] "Error with Permissions-Policy header: Origin trial controlled feature not enabled: 'shared-storage'.", source:  (0)
[0801/214351.266:INFO:CONSOLE(0)] "Error with Permissions-Policy header: Unrecognized feature: 'shared-storage-select-url'.", source:  (0)
[0801/214351.266:INFO:CONSOLE(0)] "Error with Permissions-Policy header: Unrecognized feature: 'private-state-token-redemption'.", source:  (0)
[0801/214351.266:INFO:CONSOLE(0)] "Error with Permissions-Policy header: Unrecognized feature: 'usb-unrestricted'.", source:  (0)
[0801/214351.266:INFO:CONSOLE(0)] "Error with Permissions-Policy header: Unrecognized feature: 'unload'.", source:  (0)
[0801/214351.266:INFO:CONSOLE(0)] "Error with Permissions-Policy header: Unrecognized feature: 'window-management'.", source:  (0)
[0801/214354.049:INFO:CONSOLE(150)] "Event handler of 'x-storagemutated-1' event must be added on the initial evaluation of worker script.", source: https://static.whatsapp.net/rsrc.php/v3/yn/r/Qli5vzfQFre.js?_nc_x=Ij3Wp8lg5Kz (150)
[0801/214714.378:INFO:CONSOLE(150)] "Event handler of 'x-storagemutated-1' event must be added on the initial evaluation of worker script.", source: https://static.whatsapp.net/rsrc.php/v3/yn/r/Qli5vzfQFre.js?_nc_x=Ij3Wp8lg5Kz (150)
[0801/214818.722:INFO:CONSOLE(150)] "Event handler of 'x-storagemutated-1' event must be added on the initial evaluation of worker script.", source: https://static.whatsapp.net/rsrc.php/v3/yn/r/Qli5vzfQFre.js?_nc_x=Ij3Wp8lg5Kz (150)
[0801/214858.235:INFO:CONSOLE(150)] "Event handler of 'x-storagemutated-1' event must be added on the initial evaluation of worker script.", source: https://static.whatsapp.net/rsrc.php/v3/yn/r/Qli5vzfQFre.js?_nc_x=Ij3Wp8lg5Kz (150)
[0801/214859.241:INFO:CONSOLE(339)] "Failed to parse video contentType: video/mp4; codecs=avc1.42000a", source: https://static.whatsapp.net/rsrc.php/v3iHCc4/yT/l/rt/TCLxcLnNWXq.js?_nc_x=Ij3Wp8lg5Kz (339)
[0801/214859.241:INFO:CONSOLE(339)] "Failed to parse video contentType: video/mp4; codecs=hev1.1.6.L93.B0", source: https://static.whatsapp.net/rsrc.php/v3iHCc4/yT/l/rt/TCLxcLnNWXq.js?_nc_x=Ij3Wp8lg5Kz (339)
[0801/215113.992:INFO:CONSOLE(150)] "Event handler of 'x-storagemutated-1' event must be added on the initial evaluation of worker script.", source: https://static.whatsapp.net/rsrc.php/v3/yn/r/Qli5vzfQFre.js?_nc_x=Ij3Wp8lg5Kz (150)
[0801/215909.781:INFO:CONSOLE(150)] "Event handler of 'x-storagemutated-1' event must be added on the initial evaluation of worker script.", source: https://static.whatsapp.net/rsrc.php/v3/yn/r/Qli5vzfQFre.js?_nc_x=Ij3Wp8lg5Kz (150)
